2021-02-06 01:10:38 INFO  Main:30 - Flower{name='Peony, origin='Japan, soil=GROUND, visualParameters=stemColor='Green', leavesColor='Pink', size=1.0}, growingTips=temp='15', lighting='Strong', watering='Regular'}, multiplying=CUTTING}
2021-02-06 01:10:38 INFO  Main:30 - Flower{name='Hydrangea, origin='England, soil=PODZOLIC, visualParameters=stemColor='Green', leavesColor='Blue', size=0.5}, growingTips=temp='20', lighting='Strong', watering='Infrequent'}, multiplying=SEEDS}
2021-02-06 01:10:38 INFO  Main:30 - Flower{name='Moss, origin='WildNature, soil=SOD_PODZOLIC, visualParameters=stemColor='Green', leavesColor='Green', size=0.1}, growingTips=temp='15', lighting='Week', watering='Occasional'}, multiplying=LEAVES}
2021-02-06 01:10:38 INFO  Main:36 - 

2021-02-06 01:10:38 INFO  Main:40 - name Peony
2021-02-06 01:10:38 INFO  Main:40 - origin Japan
2021-02-06 01:10:38 INFO  Main:40 - soil
2021-02-06 01:10:38 INFO  Main:40 -     GROUND
2021-02-06 01:10:38 INFO  Main:40 - visualParameters
2021-02-06 01:10:38 INFO  Main:40 -     stemColor  Green
2021-02-06 01:10:38 INFO  Main:40 -     leavesColor  Pink
2021-02-06 01:10:38 INFO  Main:40 -     size  1
2021-02-06 01:10:38 INFO  Main:40 - growingTips
2021-02-06 01:10:38 INFO  Main:40 -     temp  15
2021-02-06 01:10:38 INFO  Main:40 -     lighting  Strong
2021-02-06 01:10:38 INFO  Main:40 -     watering  Regular
2021-02-06 01:10:38 INFO  Main:40 - multiplying
2021-02-06 01:10:38 INFO  Main:40 -     CUTTING
2021-02-06 01:10:38 INFO  Main:40 - 

2021-02-06 01:10:38 INFO  Main:40 - name Hydrangea
2021-02-06 01:10:38 INFO  Main:40 - origin England
2021-02-06 01:10:38 INFO  Main:40 - soil
2021-02-06 01:10:38 INFO  Main:40 -     PODZOLIC
2021-02-06 01:10:38 INFO  Main:40 - visualParameters
2021-02-06 01:10:38 INFO  Main:40 -     stemColor  Green
2021-02-06 01:10:38 INFO  Main:40 -     leavesColor  Blue
2021-02-06 01:10:38 INFO  Main:40 -     size  0.5
2021-02-06 01:10:38 INFO  Main:40 - growingTips
2021-02-06 01:10:38 INFO  Main:40 -     temp  20
2021-02-06 01:10:38 INFO  Main:40 -     lighting  Strong
2021-02-06 01:10:38 INFO  Main:40 -     watering  Infrequent
2021-02-06 01:10:38 INFO  Main:40 - multiplying
2021-02-06 01:10:38 INFO  Main:40 -     SEEDS
2021-02-06 01:10:38 INFO  Main:40 - 

2021-02-06 01:10:38 INFO  Main:40 - name Moss
2021-02-06 01:10:38 INFO  Main:40 - origin WildNature
2021-02-06 01:10:38 INFO  Main:40 - soil
2021-02-06 01:10:38 INFO  Main:40 -     SOD_PODZOLIC
2021-02-06 01:10:38 INFO  Main:40 - visualParameters
2021-02-06 01:10:38 INFO  Main:40 -     stemColor  Green
2021-02-06 01:10:38 INFO  Main:40 -     leavesColor  Green
2021-02-06 01:10:38 INFO  Main:40 -     size  0.1
2021-02-06 01:10:38 INFO  Main:40 - growingTips
2021-02-06 01:10:38 INFO  Main:40 -     temp  15
2021-02-06 01:10:38 INFO  Main:40 -     lighting  Week
2021-02-06 01:10:38 INFO  Main:40 -     watering  Occasional
2021-02-06 01:10:38 INFO  Main:40 - multiplying
2021-02-06 01:10:38 INFO  Main:40 -     LEAVES
2021-02-06 01:10:38 INFO  Main:40 - 

2021-02-06 01:10:38 INFO  Main:95 - Flower{name='Peony, origin='Japan, soil=GROUND, visualParameters=stemColor='Green', leavesColor='Pink', size=1.0}, growingTips=temp='15', lighting='Strong', watering='Regular'}, multiplying=CUTTING}
2021-02-06 01:10:38 INFO  Main:95 - Flower{name='Hydrangea, origin='England, soil=PODZOLIC, visualParameters=stemColor='Green', leavesColor='Blue', size=0.5}, growingTips=temp='20', lighting='Strong', watering='Infrequent'}, multiplying=SEEDS}
2021-02-06 01:10:38 INFO  Main:95 - Flower{name='Moss, origin='WildNature, soil=SOD_PODZOLIC, visualParameters=stemColor='Green', leavesColor='Green', size=0.1}, growingTips=temp='15', lighting='Week', watering='Occasional'}, multiplying=LEAVES}
2021-02-06 01:10:38 INFO  Main:102 - 

2021-02-06 01:10:38 INFO  Main:111 - Flower{name='Moss, origin='WildNature, soil=SOD_PODZOLIC, visualParameters=stemColor='Green', leavesColor='Green', size=0.1}, growingTips=temp='15', lighting='Week', watering='Occasional'}, multiplying=LEAVES}
2021-02-06 01:10:38 INFO  Main:111 - Flower{name='Hydrangea, origin='England, soil=PODZOLIC, visualParameters=stemColor='Green', leavesColor='Blue', size=0.5}, growingTips=temp='20', lighting='Strong', watering='Infrequent'}, multiplying=SEEDS}
2021-02-06 01:10:38 INFO  Main:111 - Flower{name='Peony, origin='Japan, soil=GROUND, visualParameters=stemColor='Green', leavesColor='Pink', size=1.0}, growingTips=temp='15', lighting='Strong', watering='Regular'}, multiplying=CUTTING}
