2021-01-28 00:32:19 INFO  Main:41 - 1 Kate kate-91@gmail.com: dress, coat, 
2021-01-28 00:32:19 INFO  Main:41 - 2 Nick nik_91@tut.by: shirt, 
2021-01-28 00:32:19 INFO  Main:41 - 3 Olga olga.ev@mail.ru: glasses, pants, 
2021-01-28 00:32:19 INFO  Main:41 - 4 Lola l_o_l@gmail.com: hat, glasses, swimsuit, 
2021-01-28 00:32:19 INFO  Main:41 - 5 Kary karykl@gmail.com: 
2021-01-28 00:32:19 INFO  ClientRepositoryImp:58 - 6 Pol popol_123@mail.ru: socks, apple watch, 
2021-01-28 00:32:19 INFO  Main:53 - hat
2021-01-28 00:32:19 INFO  Main:53 - glasses
2021-01-28 00:32:19 INFO  Main:53 - swimsuit
2021-01-28 00:32:19 INFO  Main:61 - No such client
2021-01-28 19:42:00 INFO  HW20MainTest:48 - a : [a, at]
2021-01-28 19:42:00 INFO  HW20MainTest:48 - b : [beginning, but]
2021-01-28 19:42:00 INFO  HW20MainTest:48 - d : [down, drink]
2021-01-28 19:42:00 INFO  HW20MainTest:48 - h : [he, hillside]
2021-01-28 19:42:00 INFO  HW20MainTest:48 - j : [just]
2021-01-28 19:42:00 INFO  HW20MainTest:48 - l : [lamb, lapping, little, looking, lower]
2021-01-28 19:42:00 INFO  HW20MainTest:48 - o : [on, once]
2021-01-28 19:42:00 INFO  HW20MainTest:48 - s : [see, should, spring]
2021-01-28 19:42:00 INFO  HW20MainTest:48 - t : [time, to]
2021-01-28 19:42:00 INFO  HW20MainTest:48 - u : [up, upon]
2021-01-28 19:42:00 INFO  HW20MainTest:48 - w : [was, what, when, wolf]
2021-01-28 19:44:58 INFO  HW20MainTest:48 - a : [a, at]
2021-01-28 19:44:58 INFO  HW20MainTest:48 - b : [beginning, but]
2021-01-28 19:44:58 INFO  HW20MainTest:48 - d : [down, drink]
2021-01-28 19:44:58 INFO  HW20MainTest:48 - h : [he, hillside]
2021-01-28 19:44:58 INFO  HW20MainTest:48 - j : [just]
2021-01-28 19:44:58 INFO  HW20MainTest:48 - l : [lamb, lapping, little, looking, lower]
2021-01-28 19:44:58 INFO  HW20MainTest:48 - o : [on, once]
2021-01-28 19:44:58 INFO  HW20MainTest:48 - s : [see, should, spring]
2021-01-28 19:44:58 INFO  HW20MainTest:48 - t : [time, to]
2021-01-28 19:44:58 INFO  HW20MainTest:48 - u : [up, upon]
2021-01-28 19:44:58 INFO  HW20MainTest:48 - w : [was, what, when, wolf]
2021-01-28 19:45:37 INFO  HW20MainTest:48 - a : [a, at]
2021-01-28 19:45:37 INFO  HW20MainTest:48 - b : [beginning, but]
2021-01-28 19:45:37 INFO  HW20MainTest:48 - d : [down, drink]
2021-01-28 19:45:37 INFO  HW20MainTest:48 - h : [he, hillside]
2021-01-28 19:45:37 INFO  HW20MainTest:48 - j : [just]
2021-01-28 19:45:37 INFO  HW20MainTest:48 - l : [lamb, lapping, little, looking, lower]
2021-01-28 19:45:37 INFO  HW20MainTest:48 - o : [on, once]
2021-01-28 19:45:37 INFO  HW20MainTest:48 - s : [see, should, spring]
2021-01-28 19:45:37 INFO  HW20MainTest:48 - t : [time, to]
2021-01-28 19:45:37 INFO  HW20MainTest:48 - u : [up, upon]
2021-01-28 19:45:37 INFO  HW20MainTest:48 - w : [was, what, when, wolf]
2021-01-28 23:11:34 INFO  HW20MainTest:48 - a : [a, at]
2021-01-28 23:11:34 INFO  HW20MainTest:48 - b : [beginning, but]
2021-01-28 23:11:34 INFO  HW20MainTest:48 - d : [down, drink]
2021-01-28 23:11:34 INFO  HW20MainTest:48 - h : [he, hillside]
2021-01-28 23:11:34 INFO  HW20MainTest:48 - j : [just]
2021-01-28 23:11:34 INFO  HW20MainTest:48 - l : [lamb, lapping, little, looking, lower]
2021-01-28 23:11:34 INFO  HW20MainTest:48 - o : [on, once]
2021-01-28 23:11:34 INFO  HW20MainTest:48 - s : [see, should, spring]
2021-01-28 23:11:34 INFO  HW20MainTest:48 - t : [time, to]
2021-01-28 23:11:34 INFO  HW20MainTest:48 - u : [up, upon]
2021-01-28 23:11:34 INFO  HW20MainTest:48 - w : [was, what, when, wolf]
2021-01-28 23:34:49 INFO  HW20MainTest:53 - a : [a, at]
2021-01-28 23:34:49 INFO  HW20MainTest:53 - b : [beginning, but]
2021-01-28 23:34:49 INFO  HW20MainTest:53 - d : [down, drink]
2021-01-28 23:34:49 INFO  HW20MainTest:53 - h : [he, hillside]
2021-01-28 23:34:49 INFO  HW20MainTest:53 - j : [just]
2021-01-28 23:34:49 INFO  HW20MainTest:53 - l : [lamb, lapping, little, looking, lower]
2021-01-28 23:34:49 INFO  HW20MainTest:53 - o : [on, once]
2021-01-28 23:34:49 INFO  HW20MainTest:53 - s : [see, should, spring]
2021-01-28 23:34:49 INFO  HW20MainTest:53 - t : [time, to]
2021-01-28 23:34:49 INFO  HW20MainTest:53 - u : [up, upon]
2021-01-28 23:34:49 INFO  HW20MainTest:53 - w : [was, what, when, wolf]
2021-01-28 23:35:37 INFO  HW20MainTest:53 - a : [a, at]
2021-01-28 23:35:37 INFO  HW20MainTest:53 - b : [beginning, but]
2021-01-28 23:35:37 INFO  HW20MainTest:53 - d : [down, drink]
2021-01-28 23:35:37 INFO  HW20MainTest:53 - h : [he, hillside]
2021-01-28 23:35:37 INFO  HW20MainTest:53 - j : [just]
2021-01-28 23:35:37 INFO  HW20MainTest:53 - l : [lamb, lapping, little, looking, lower]
2021-01-28 23:35:37 INFO  HW20MainTest:53 - o : [on, once]
2021-01-28 23:35:37 INFO  HW20MainTest:53 - s : [see, should, spring]
2021-01-28 23:35:37 INFO  HW20MainTest:53 - t : [time, to]
2021-01-28 23:35:37 INFO  HW20MainTest:53 - u : [up, upon]
2021-01-28 23:35:37 INFO  HW20MainTest:53 - w : [was, what, when, wolf]
2021-01-28 23:37:59 INFO  HW20MainTest:53 - a : [a, at]
2021-01-28 23:37:59 INFO  HW20MainTest:53 - b : [beginning, but]
2021-01-28 23:37:59 INFO  HW20MainTest:53 - d : [down, drink]
2021-01-28 23:37:59 INFO  HW20MainTest:53 - h : [he, hillside]
2021-01-28 23:37:59 INFO  HW20MainTest:53 - j : [just]
2021-01-28 23:37:59 INFO  HW20MainTest:53 - l : [lamb, lapping, little, looking, lower]
2021-01-28 23:37:59 INFO  HW20MainTest:53 - o : [on, once]
2021-01-28 23:37:59 INFO  HW20MainTest:53 - s : [see, should, spring]
2021-01-28 23:37:59 INFO  HW20MainTest:53 - t : [time, to]
2021-01-28 23:37:59 INFO  HW20MainTest:53 - u : [up, upon]
2021-01-28 23:37:59 INFO  HW20MainTest:53 - w : [was, what, when, wolf]
2021-01-28 23:43:34 INFO  HW20MainTest:53 - a : [a, at]
2021-01-28 23:43:34 INFO  HW20MainTest:53 - b : [beginning, but]
2021-01-28 23:43:34 INFO  HW20MainTest:53 - d : [down, drink]
2021-01-28 23:43:34 INFO  HW20MainTest:53 - h : [he, hillside]
2021-01-28 23:43:34 INFO  HW20MainTest:53 - j : [just]
2021-01-28 23:43:34 INFO  HW20MainTest:53 - l : [lamb, lapping, little, looking, lower]
2021-01-28 23:43:34 INFO  HW20MainTest:53 - o : [on, once]
2021-01-28 23:43:34 INFO  HW20MainTest:53 - s : [see, should, spring]
2021-01-28 23:43:34 INFO  HW20MainTest:53 - t : [time, to]
2021-01-28 23:43:34 INFO  HW20MainTest:53 - u : [up, upon]
2021-01-28 23:43:34 INFO  HW20MainTest:53 - w : [was, what, when, wolf]
2021-01-28 23:46:40 INFO  HW20MainTest:54 - a : [a, at]
2021-01-28 23:46:40 INFO  HW20MainTest:54 - b : [beginning, but]
2021-01-28 23:46:40 INFO  HW20MainTest:54 - d : [down, drink]
2021-01-28 23:46:40 INFO  HW20MainTest:54 - h : [he, hillside]
2021-01-28 23:46:40 INFO  HW20MainTest:54 - j : [just]
2021-01-28 23:46:40 INFO  HW20MainTest:54 - l : [lamb, lapping, little, looking, lower]
2021-01-28 23:46:40 INFO  HW20MainTest:54 - o : [on, once]
2021-01-28 23:46:40 INFO  HW20MainTest:54 - s : [see, should, spring]
2021-01-28 23:46:40 INFO  HW20MainTest:54 - t : [time, to]
2021-01-28 23:46:40 INFO  HW20MainTest:54 - u : [up, upon]
2021-01-28 23:46:40 INFO  HW20MainTest:54 - w : [was, what, when, wolf]
2021-01-28 23:47:01 INFO  HW20MainTest:53 - a : [a, at]
2021-01-28 23:47:01 INFO  HW20MainTest:53 - b : [beginning, but]
2021-01-28 23:47:01 INFO  HW20MainTest:53 - d : [down, drink]
2021-01-28 23:47:01 INFO  HW20MainTest:53 - h : [he, hillside]
2021-01-28 23:47:01 INFO  HW20MainTest:53 - j : [just]
2021-01-28 23:47:01 INFO  HW20MainTest:53 - l : [lamb, lapping, little, looking, lower]
2021-01-28 23:47:01 INFO  HW20MainTest:53 - o : [on, once]
2021-01-28 23:47:01 INFO  HW20MainTest:53 - s : [see, should, spring]
2021-01-28 23:47:01 INFO  HW20MainTest:53 - t : [time, to]
2021-01-28 23:47:01 INFO  HW20MainTest:53 - u : [up, upon]
2021-01-28 23:47:01 INFO  HW20MainTest:53 - w : [was, what, when, wolf]
2021-01-28 23:48:46 INFO  HW20MainTest:53 - a : [a, at]
2021-01-28 23:48:46 INFO  HW20MainTest:53 - b : [beginning, but]
2021-01-28 23:48:46 INFO  HW20MainTest:53 - d : [down, drink]
2021-01-28 23:48:46 INFO  HW20MainTest:53 - h : [he, hillside]
2021-01-28 23:48:46 INFO  HW20MainTest:53 - j : [just]
2021-01-28 23:48:46 INFO  HW20MainTest:53 - l : [lamb, lapping, little, looking, lower]
2021-01-28 23:48:46 INFO  HW20MainTest:53 - o : [on, once]
2021-01-28 23:48:46 INFO  HW20MainTest:53 - s : [see, should, spring]
2021-01-28 23:48:46 INFO  HW20MainTest:53 - t : [time, to]
2021-01-28 23:48:46 INFO  HW20MainTest:53 - u : [up, upon]
2021-01-28 23:48:46 INFO  HW20MainTest:53 - w : [was, what, when, wolf]
2021-01-28 23:49:17 INFO  HW20MainTest:53 - a : [a, at]
2021-01-28 23:49:17 INFO  HW20MainTest:53 - b : [beginning, but]
2021-01-28 23:49:17 INFO  HW20MainTest:53 - d : [down, drink]
2021-01-28 23:49:17 INFO  HW20MainTest:53 - h : [he, hillside]
2021-01-28 23:49:17 INFO  HW20MainTest:53 - j : [just]
2021-01-28 23:49:17 INFO  HW20MainTest:53 - l : [lamb, lapping, little, looking, lower]
2021-01-28 23:49:17 INFO  HW20MainTest:53 - o : [on, once]
2021-01-28 23:49:17 INFO  HW20MainTest:53 - s : [see, should, spring]
2021-01-28 23:49:17 INFO  HW20MainTest:53 - t : [time, to]
2021-01-28 23:49:17 INFO  HW20MainTest:53 - u : [up, upon]
2021-01-28 23:49:17 INFO  HW20MainTest:53 - w : [was, what, when, wolf]
2021-01-28 23:49:23 INFO  HW20MainTest:53 - a : [a, at]
2021-01-28 23:49:23 INFO  HW20MainTest:53 - b : [beginning, but]
2021-01-28 23:49:23 INFO  HW20MainTest:53 - d : [down, drink]
2021-01-28 23:49:23 INFO  HW20MainTest:53 - h : [he, hillside]
2021-01-28 23:49:23 INFO  HW20MainTest:53 - j : [just]
2021-01-28 23:49:23 INFO  HW20MainTest:53 - l : [lamb, lapping, little, looking, lower]
2021-01-28 23:49:23 INFO  HW20MainTest:53 - o : [on, once]
2021-01-28 23:49:23 INFO  HW20MainTest:53 - s : [see, should, spring]
2021-01-28 23:49:23 INFO  HW20MainTest:53 - t : [time, to]
2021-01-28 23:49:23 INFO  HW20MainTest:53 - u : [up, upon]
2021-01-28 23:49:23 INFO  HW20MainTest:53 - w : [was, what, when, wolf]
2021-01-28 23:50:26 INFO  HW20MainTest:53 - a : [a, at]
2021-01-28 23:50:26 INFO  HW20MainTest:53 - b : [beginning, but]
2021-01-28 23:50:26 INFO  HW20MainTest:53 - d : [down, drink]
2021-01-28 23:50:26 INFO  HW20MainTest:53 - h : [he, hillside]
2021-01-28 23:50:26 INFO  HW20MainTest:53 - j : [just]
2021-01-28 23:50:26 INFO  HW20MainTest:53 - l : [lamb, lapping, little, looking, lower]
2021-01-28 23:50:26 INFO  HW20MainTest:53 - o : [on, once]
2021-01-28 23:50:26 INFO  HW20MainTest:53 - s : [see, should, spring]
2021-01-28 23:50:26 INFO  HW20MainTest:53 - t : [time, to]
2021-01-28 23:50:26 INFO  HW20MainTest:53 - u : [up, upon]
2021-01-28 23:50:26 INFO  HW20MainTest:53 - w : [was, what, when, wolf]
2021-01-28 23:50:42 INFO  HW20MainTest:53 - a : [a, at]
2021-01-28 23:50:42 INFO  HW20MainTest:53 - b : [beginning, but]
2021-01-28 23:50:42 INFO  HW20MainTest:53 - d : [down, drink]
2021-01-28 23:50:42 INFO  HW20MainTest:53 - h : [he, hillside]
2021-01-28 23:50:42 INFO  HW20MainTest:53 - j : [just]
2021-01-28 23:50:42 INFO  HW20MainTest:53 - l : [lamb, lapping, little, looking, lower]
2021-01-28 23:50:42 INFO  HW20MainTest:53 - o : [on, once]
2021-01-28 23:50:42 INFO  HW20MainTest:53 - s : [see, should, spring]
2021-01-28 23:50:42 INFO  HW20MainTest:53 - t : [time, to]
2021-01-28 23:50:42 INFO  HW20MainTest:53 - u : [up, upon]
2021-01-28 23:50:42 INFO  HW20MainTest:53 - w : [was, what, when, wolf]
2021-01-28 23:51:50 INFO  HW20MainTest:53 - a : [a, at]
2021-01-28 23:51:50 INFO  HW20MainTest:53 - b : [beginning, but]
2021-01-28 23:51:50 INFO  HW20MainTest:53 - d : [down, drink]
2021-01-28 23:51:50 INFO  HW20MainTest:53 - h : [he, hillside]
2021-01-28 23:51:50 INFO  HW20MainTest:53 - j : [just]
2021-01-28 23:51:50 INFO  HW20MainTest:53 - l : [lamb, lapping, little, looking, lower]
2021-01-28 23:51:50 INFO  HW20MainTest:53 - o : [on, once]
2021-01-28 23:51:50 INFO  HW20MainTest:53 - s : [see, should, spring]
2021-01-28 23:51:50 INFO  HW20MainTest:53 - t : [time, to]
2021-01-28 23:51:50 INFO  HW20MainTest:53 - u : [up, upon]
2021-01-28 23:51:50 INFO  HW20MainTest:53 - w : [was, what, when, wolf]
2021-01-28 23:54:06 INFO  HW20MainTest:53 - a : [a, at]
2021-01-28 23:54:06 INFO  HW20MainTest:53 - b : [beginning, but]
2021-01-28 23:54:06 INFO  HW20MainTest:53 - d : [down, drink]
2021-01-28 23:54:06 INFO  HW20MainTest:53 - h : [he, hillside]
2021-01-28 23:54:06 INFO  HW20MainTest:53 - j : [just]
2021-01-28 23:54:06 INFO  HW20MainTest:53 - l : [lamb, lapping, little, looking, lower]
2021-01-28 23:54:06 INFO  HW20MainTest:53 - o : [on, once]
2021-01-28 23:54:06 INFO  HW20MainTest:53 - s : [see, should, spring]
2021-01-28 23:54:06 INFO  HW20MainTest:53 - t : [time, to]
2021-01-28 23:54:06 INFO  HW20MainTest:53 - u : [up, upon]
2021-01-28 23:54:06 INFO  HW20MainTest:53 - w : [was, what, when, wolf]
2021-01-28 23:58:17 INFO  HW20MainTest:53 - a : [a, at]
2021-01-28 23:58:17 INFO  HW20MainTest:53 - b : [beginning, but]
2021-01-28 23:58:17 INFO  HW20MainTest:53 - d : [down, drink]
2021-01-28 23:58:17 INFO  HW20MainTest:53 - h : [he, hillside]
2021-01-28 23:58:17 INFO  HW20MainTest:53 - j : [just]
2021-01-28 23:58:17 INFO  HW20MainTest:53 - l : [lamb, lapping, little, looking, lower]
2021-01-28 23:58:17 INFO  HW20MainTest:53 - o : [on, once]
2021-01-28 23:58:17 INFO  HW20MainTest:53 - s : [see, should, spring]
2021-01-28 23:58:17 INFO  HW20MainTest:53 - t : [time, to]
2021-01-28 23:58:17 INFO  HW20MainTest:53 - u : [up, upon]
2021-01-28 23:58:17 INFO  HW20MainTest:53 - w : [was, what, when, wolf]
2021-01-29 00:08:37 INFO  HW20MainTest:53 - a : [a, at]
2021-01-29 00:08:37 INFO  HW20MainTest:53 - b : [beginning, but]
2021-01-29 00:08:37 INFO  HW20MainTest:53 - d : [down, drink]
2021-01-29 00:08:37 INFO  HW20MainTest:53 - h : [he, hillside]
2021-01-29 00:08:37 INFO  HW20MainTest:53 - j : [just]
2021-01-29 00:08:37 INFO  HW20MainTest:53 - l : [lamb, lapping, little, looking, lower]
2021-01-29 00:08:37 INFO  HW20MainTest:53 - o : [on, once]
2021-01-29 00:08:37 INFO  HW20MainTest:53 - s : [see, should, spring]
2021-01-29 00:08:37 INFO  HW20MainTest:53 - t : [time, to]
2021-01-29 00:08:37 INFO  HW20MainTest:53 - u : [up, upon]
2021-01-29 00:08:37 INFO  HW20MainTest:53 - w : [was, what, when, wolf]
2021-01-29 01:21:33 INFO  HW20MainTest:55 - a : [a, at]
2021-01-29 01:21:33 INFO  HW20MainTest:55 - b : [beginning, but]
2021-01-29 01:21:33 INFO  HW20MainTest:55 - d : [down, drink]
2021-01-29 01:21:33 INFO  HW20MainTest:55 - h : [he, hillside]
2021-01-29 01:21:33 INFO  HW20MainTest:55 - j : [just]
2021-01-29 01:21:33 INFO  HW20MainTest:55 - l : [lamb, lapping, little, looking, lower]
2021-01-29 01:21:33 INFO  HW20MainTest:55 - o : [on, once]
2021-01-29 01:21:33 INFO  HW20MainTest:55 - s : [see, should, spring]
2021-01-29 01:21:33 INFO  HW20MainTest:55 - t : [time, to]
2021-01-29 01:21:33 INFO  HW20MainTest:55 - u : [up, upon]
2021-01-29 01:21:33 INFO  HW20MainTest:55 - w : [was, what, when, wolf]
